<?xml version="1.0" encoding="UTF-8"?>
<!-- Generated by org.testng.reporters.JUnitXMLReporter -->
<testsuite hostname="Riaz" ignored="0" name="Regressionaltesting" tests="4" failures="0" timestamp="2024-11-22T02:03:18 EST" time="60.811" errors="0">
  <testcase name="f" time="0.499" classname="Capstone.AutomationPractice9.Points"/>
  <testcase name="f" time="0.388" classname="Capstone.AutomationPractice9.Points"/>
  <testcase name="f" time="0.478" classname="Capstone.AutomationPractice9.Points"/>
  <testcase name="f" time="0.051" classname="Capstone.AutomationPractice9.Property"/>
</testsuite> <!-- Regressionaltesting -->
