<?xml version="1.0" encoding="UTF-8"?>
<!-- Generated by org.testng.reporters.JUnitXMLReporter -->
<testsuite hostname="Riaz" ignored="0" name="RegressionTestingEdge" tests="4" failures="0" timestamp="2024-11-22T02:04:29 EST" time="70.749" errors="0">
  <testcase name="f" time="0.429" classname="Capstone.AutomationPractice9.Points"/>
  <testcase name="f" time="0.386" classname="Capstone.AutomationPractice9.Points"/>
  <testcase name="f" time="0.383" classname="Capstone.AutomationPractice9.Points"/>
  <testcase name="f" time="0.051" classname="Capstone.AutomationPractice9.Property"/>
</testsuite> <!-- RegressionTestingEdge -->
